<?xml version="1.0" encoding="UTF-8"?>
<!-- Generated by org.testng.reporters.JUnitReportReporter -->
<testsuite hostname="Андрей-ПК" name="edu.mail.test.MailRuTest" tests="1" failures="0" timestamp="9 Aug 2017 07:29:16 GMT" time="13.671" errors="0">
  <testcase name="negativeLogin" time="13.671" classname="edu.mail.test.MailRuTest"/>
</testsuite> <!-- edu.mail.test.MailRuTest -->
