<?xml version="1.0" encoding="UTF-8"?>
<!-- Generated by org.testng.reporters.JUnitReportReporter -->
<testsuite hostname="Андрей-ПК" name="edu.mail.registration.MailRegistrationTest" tests="2" failures="0" timestamp="5 Aug 2017 10:04:25 GMT" time="38.847" errors="0">
  <testcase name="registration" time="17.061" classname="edu.mail.registration.MailRegistrationTest"/>
  <testcase name="registration" time="21.786" classname="edu.mail.registration.MailRegistrationTest"/>
</testsuite> <!-- edu.mail.registration.MailRegistrationTest -->
